AudioRecorder/build/intermediates/manifest_merge_blame_file/release/manifest-merger-blame-release-report.txt
1<?xml version="1.0" encoding="utf-8"?>
2<manifest xmlns:android="http://schemas.android.com/apk/res/android"
3    package="cafe.adriel.androidaudiorecorder"
4    android:versionCode="1"
5    android:versionName="1.0" >
6
7    <uses-sdk
8        android:minSdkVersion="16"
8-->src\main\AndroidManifest.xml
9        android:targetSdkVersion="28" />
9-->src\main\AndroidManifest.xml
10
11    <application android:label="@string/app_name" >
11-->src\main\AndroidManifest.xml:6:5-11:19
11-->src\main\AndroidManifest.xml:6:18-50
12        <activity
12-->src\main\AndroidManifest.xml:7:9-10:51
13            android:name="cafe.adriel.androidaudiorecorder.AudioRecorderActivity"
13-->src\main\AndroidManifest.xml:8:13-50
14            android:screenOrientation="portrait"
14-->src\main\AndroidManifest.xml:10:13-49
15            android:theme="@style/Theme.AppCompat" />
15-->src\main\AndroidManifest.xml:9:13-51
16    </application>
17
18</manifest>